[debug] [2023-01-15T01:57:32.297Z] ----------------------------------------------------------------------
[debug] [2023-01-15T01:57:32.301Z] Command:       C:\Users\tariku\.nvm\versions\node\v16.15.0\bin\node.exe C:\Users\tariku\.nvm\versions\node\v16.15.0\bin\node_modules\firebase-tools\lib\bin\firebase.js deploy --only functions
[debug] [2023-01-15T01:57:32.302Z] CLI Version:   11.20.0
[debug] [2023-01-15T01:57:32.303Z] Platform:      win32
[debug] [2023-01-15T01:57:32.303Z] Node Version:  v16.15.0
[debug] [2023-01-15T01:57:32.318Z] Time:          Sat Jan 14 2023 20:57:32 GMT-0500 (Eastern Standard Time)
[debug] [2023-01-15T01:57:32.319Z] ----------------------------------------------------------------------
[debug] 
[debug] [2023-01-15T01:57:32.512Z] > command requires scopes: ["email","openid","https://www.googleapis.com/auth/cloudplatformprojects.readonly","https://www.googleapis.com/auth/firebase","https://www.googleapis.com/auth/cloud-platform"]
[debug] [2023-01-15T01:57:32.513Z] > authorizing via signed-in user (firiea2022b@gmail.com)
[debug] [2023-01-15T01:57:32.513Z] [iam] checking project clone-8a3ab for permissions ["cloudfunctions.functions.create","cloudfunctions.functions.delete","cloudfunctions.functions.get","cloudfunctions.functions.list","cloudfunctions.functions.update","cloudfunctions.operations.get","firebase.projects.get"]
[debug] [2023-01-15T01:57:32.593Z] >>> [apiv2][query] POST https://cloudresourcemanager.googleapis.com/v1/projects/clone-8a3ab:testIamPermissions [none]
[debug] [2023-01-15T01:57:32.594Z] >>> [apiv2][(partial)header] POST https://cloudresourcemanager.googleapis.com/v1/projects/clone-8a3ab:testIamPermissions x-goog-quota-user=projects/clone-8a3ab
[debug] [2023-01-15T01:57:32.594Z] >>> [apiv2][body] POST https://cloudresourcemanager.googleapis.com/v1/projects/clone-8a3ab:testIamPermissions {"permissions":["cloudfunctions.functions.create","cloudfunctions.functions.delete","cloudfunctions.functions.get","cloudfunctions.functions.list","cloudfunctions.functions.update","cloudfunctions.operations.get","firebase.projects.get"]}
[debug] [2023-01-15T01:57:32.897Z] <<< [apiv2][status] POST https://cloudresourcemanager.googleapis.com/v1/projects/clone-8a3ab:testIamPermissions 200
[debug] [2023-01-15T01:57:32.897Z] <<< [apiv2][body] POST https://cloudresourcemanager.googleapis.com/v1/projects/clone-8a3ab:testIamPermissions {"permissions":["cloudfunctions.functions.create","cloudfunctions.functions.delete","cloudfunctions.functions.get","cloudfunctions.functions.list","cloudfunctions.functions.update","cloudfunctions.operations.get","firebase.projects.get"]}
[debug] [2023-01-15T01:57:32.898Z] >>> [apiv2][query] POST https://iam.googleapis.com/v1/projects/clone-8a3ab/serviceAccounts/clone-8a3ab@appspot.gserviceaccount.com:testIamPermissions [none]
[debug] [2023-01-15T01:57:32.899Z] >>> [apiv2][body] POST https://iam.googleapis.com/v1/projects/clone-8a3ab/serviceAccounts/clone-8a3ab@appspot.gserviceaccount.com:testIamPermissions {"permissions":["iam.serviceAccounts.actAs"]}
[debug] [2023-01-15T01:57:33.139Z] <<< [apiv2][status] POST https://iam.googleapis.com/v1/projects/clone-8a3ab/serviceAccounts/clone-8a3ab@appspot.gserviceaccount.com:testIamPermissions 200
[debug] [2023-01-15T01:57:33.140Z] <<< [apiv2][body] POST https://iam.googleapis.com/v1/projects/clone-8a3ab/serviceAccounts/clone-8a3ab@appspot.gserviceaccount.com:testIamPermissions {"permissions":["iam.serviceAccounts.actAs"]}
[info] 
[info] === Deploying to 'clone-8a3ab'...
[info] 
[info] i  deploying functions 
[info] +  functions: Finished running predeploy script. 
[debug] [2023-01-15T01:57:33.154Z] >>> [apiv2][query] GET https://firebase.googleapis.com/v1beta1/projects/clone-8a3ab [none]
[debug] [2023-01-15T01:57:33.527Z] <<< [apiv2][status] GET https://firebase.googleapis.com/v1beta1/projects/clone-8a3ab 200
[debug] [2023-01-15T01:57:33.527Z] <<< [apiv2][body] GET https://firebase.googleapis.com/v1beta1/projects/clone-8a3ab {"projectId":"clone-8a3ab","projectNumber":"238090628469","displayName":"Amazon-clone","name":"projects/clone-8a3ab","resources":{"hostingSite":"clone-8a3ab"},"state":"ACTIVE","etag":"1_4d119c1f-d93f-4c28-bbf9-d37b48ab870d"}
[info] i  functions: preparing codebase default for deployment 
[info] i  functions: ensuring required API cloudfunctions.googleapis.com is enabled... 
[info] i  functions: ensuring required API cloudbuild.googleapis.com is enabled... 
[info] i  artifactregistry: ensuring required API artifactregistry.googleapis.com is enabled... 
[debug] [2023-01-15T01:57:33.537Z] >>> [apiv2][query] GET https://serviceusage.googleapis.com/v1/projects/clone-8a3ab/services/cloudfunctions.googleapis.com [none]
[debug] [2023-01-15T01:57:33.538Z] >>> [apiv2][(partial)header] GET https://serviceusage.googleapis.com/v1/projects/clone-8a3ab/services/cloudfunctions.googleapis.com x-goog-quota-user=projects/clone-8a3ab
[debug] [2023-01-15T01:57:33.540Z] >>> [apiv2][query] GET https://serviceusage.googleapis.com/v1/projects/clone-8a3ab/services/runtimeconfig.googleapis.com [none]
[debug] [2023-01-15T01:57:33.540Z] >>> [apiv2][(partial)header] GET https://serviceusage.googleapis.com/v1/projects/clone-8a3ab/services/runtimeconfig.googleapis.com x-goog-quota-user=projects/clone-8a3ab
[debug] [2023-01-15T01:57:33.542Z] >>> [apiv2][query] GET https://serviceusage.googleapis.com/v1/projects/clone-8a3ab/services/cloudbuild.googleapis.com [none]
[debug] [2023-01-15T01:57:33.542Z] >>> [apiv2][(partial)header] GET https://serviceusage.googleapis.com/v1/projects/clone-8a3ab/services/cloudbuild.googleapis.com x-goog-quota-user=projects/clone-8a3ab
[debug] [2023-01-15T01:57:33.544Z] >>> [apiv2][query] GET https://serviceusage.googleapis.com/v1/projects/clone-8a3ab/services/artifactregistry.googleapis.com [none]
[debug] [2023-01-15T01:57:33.544Z] >>> [apiv2][(partial)header] GET https://serviceusage.googleapis.com/v1/projects/clone-8a3ab/services/artifactregistry.googleapis.com x-goog-quota-user=projects/clone-8a3ab
[debug] [2023-01-15T01:57:33.879Z] <<< [apiv2][status] GET https://serviceusage.googleapis.com/v1/projects/clone-8a3ab/services/cloudbuild.googleapis.com 200
[debug] [2023-01-15T01:57:33.880Z] <<< [apiv2][body] GET https://serviceusage.googleapis.com/v1/projects/clone-8a3ab/services/cloudbuild.googleapis.com [omitted]
[info] +  functions: required API cloudbuild.googleapis.com is enabled 
[debug] [2023-01-15T01:57:33.907Z] <<< [apiv2][status] GET https://serviceusage.googleapis.com/v1/projects/clone-8a3ab/services/artifactregistry.googleapis.com 200
[debug] [2023-01-15T01:57:33.907Z] <<< [apiv2][body] GET https://serviceusage.googleapis.com/v1/projects/clone-8a3ab/services/artifactregistry.googleapis.com [omitted]
[info] +  artifactregistry: required API artifactregistry.googleapis.com is enabled 
[debug] [2023-01-15T01:57:33.958Z] <<< [apiv2][status] GET https://serviceusage.googleapis.com/v1/projects/clone-8a3ab/services/cloudfunctions.googleapis.com 200
[debug] [2023-01-15T01:57:33.959Z] <<< [apiv2][body] GET https://serviceusage.googleapis.com/v1/projects/clone-8a3ab/services/cloudfunctions.googleapis.com [omitted]
[info] +  functions: required API cloudfunctions.googleapis.com is enabled 
[debug] [2023-01-15T01:57:33.962Z] <<< [apiv2][status] GET https://serviceusage.googleapis.com/v1/projects/clone-8a3ab/services/runtimeconfig.googleapis.com 200
[debug] [2023-01-15T01:57:33.962Z] <<< [apiv2][body] GET https://serviceusage.googleapis.com/v1/projects/clone-8a3ab/services/runtimeconfig.googleapis.com [omitted]
[debug] [2023-01-15T01:57:33.963Z] >>> [apiv2][query] GET https://firebase.googleapis.com/v1beta1/projects/clone-8a3ab/adminSdkConfig [none]
[debug] [2023-01-15T01:57:34.350Z] <<< [apiv2][status] GET https://firebase.googleapis.com/v1beta1/projects/clone-8a3ab/adminSdkConfig 200
[debug] [2023-01-15T01:57:34.350Z] <<< [apiv2][body] GET https://firebase.googleapis.com/v1beta1/projects/clone-8a3ab/adminSdkConfig {"projectId":"clone-8a3ab","storageBucket":"clone-8a3ab.appspot.com"}
[debug] [2023-01-15T01:57:34.351Z] >>> [apiv2][query] GET https://runtimeconfig.googleapis.com/v1beta1/projects/clone-8a3ab/configs [none]
[debug] [2023-01-15T01:57:34.759Z] <<< [apiv2][status] GET https://runtimeconfig.googleapis.com/v1beta1/projects/clone-8a3ab/configs 200
[debug] [2023-01-15T01:57:34.759Z] <<< [apiv2][body] GET https://runtimeconfig.googleapis.com/v1beta1/projects/clone-8a3ab/configs {}
[debug] [2023-01-15T01:57:34.764Z] Validating nodejs source
[debug] [2023-01-15T01:57:36.904Z] > [functions] package.json contents: {
  "name": "functions",
  "description": "Cloud Functions for Firebase",
  "scripts": {
    "lint": "eslint .",
    "serve": "firebase emulators:start --only functions",
    "shell": "firebase functions:shell",
    "start": "npm run shell",
    "deploy": "firebase deploy --only functions",
    "logs": "firebase functions:log"
  },
  "engines": {
    "node": "18"
  },
  "main": "index.js",
  "dependencies": {
    "firebase-admin": "^11.4.1",
    "firebase-functions": "^4.1.1",
    "module": "^1.1.0"
  },
  "devDependencies": {
    "eslint": "^8.9.0",
    "eslint-config-google": "^0.14.0",
    "firebase-functions-test": "^0.2.0"
  },
  "private": true
}
[debug] [2023-01-15T01:57:36.905Z] Building nodejs source
[debug] [2023-01-15T01:57:36.907Z] Could not find functions.yaml. Must use http discovery
[debug] [2023-01-15T01:57:37.632Z] Serving at port 9005

[debug] [2023-01-15T01:57:39.063Z] Got response from /__/functions.yaml {"endpoints":{"api":{"platform":"gcfv1","availableMemoryMb":null,"timeoutSeconds":null,"minInstances":null,"maxInstances":null,"ingressSettings":null,"serviceAccountEmail":null,"vpc":null,"httpsTrigger":{},"entryPoint":"api"}},"specVersion":"v1alpha1","requiredAPIs":[]}
[debug] [2023-01-15T01:57:39.078Z] shutdown requested via /__/quitquitquit

[info] i  functions: preparing functions directory for uploading... 
[info] i  functions: packaged C:\Users\tariku\Desktop\Evangadi\PhaseThree\NodeFile\AmazonProject\amazon-clone\functions (117.74 KB) for uploading 
[debug] [2023-01-15T01:57:39.227Z] >>> [apiv2][query] GET https://cloudfunctions.googleapis.com/v1/projects/clone-8a3ab/locations/-/functions [none]
[debug] [2023-01-15T01:57:39.879Z] <<< [apiv2][status] GET https://cloudfunctions.googleapis.com/v1/projects/clone-8a3ab/locations/-/functions 200
[debug] [2023-01-15T01:57:39.879Z] <<< [apiv2][body] GET https://cloudfunctions.googleapis.com/v1/projects/clone-8a3ab/locations/-/functions {"functions":[{"name":"projects/clone-8a3ab/locations/us-central1/functions/api1","httpsTrigger":{"url":"https://us-central1-clone-8a3ab.cloudfunctions.net/api1","securityLevel":"SECURE_ALWAYS"},"status":"ACTIVE","entryPoint":"helloWorld","timeout":"60s","availableMemoryMb":256,"serviceAccountEmail":"clone-8a3ab@appspot.gserviceaccount.com","updateTime":"2023-01-15T01:23:23.385Z","versionId":"1","labels":{"deployment-tool":"console-cloud"},"sourceUploadUrl":"https://storage.googleapis.com/uploads-756938552032.us-central1.cloudfunctions.appspot.com/c9c0b7af-ce23-4d50-8123-201eefd8ec04.zip","runtime":"nodejs18","maxInstances":3000,"ingressSettings":"ALLOW_ALL","buildId":"699fbb95-9a7c-4d88-9b06-bd806ada505a","buildName":"projects/238090628469/locations/us-central1/builds/699fbb95-9a7c-4d88-9b06-bd806ada505a","dockerRegistry":"CONTAINER_REGISTRY"}]}
[debug] [2023-01-15T01:57:39.882Z] >>> [apiv2][query] GET https://cloudfunctions.googleapis.com/v2/projects/clone-8a3ab/locations/-/functions filter=environment%3D%22GEN_2%22
[debug] [2023-01-15T01:57:40.467Z] <<< [apiv2][status] GET https://cloudfunctions.googleapis.com/v2/projects/clone-8a3ab/locations/-/functions 200
[debug] [2023-01-15T01:57:40.467Z] <<< [apiv2][body] GET https://cloudfunctions.googleapis.com/v2/projects/clone-8a3ab/locations/-/functions {}
[debug] [2023-01-15T01:57:40.480Z] >>> [apiv2][query] GET https://firebase.googleapis.com/v1beta1/projects/clone-8a3ab [none]
[debug] [2023-01-15T01:57:40.786Z] <<< [apiv2][status] GET https://firebase.googleapis.com/v1beta1/projects/clone-8a3ab 200
[debug] [2023-01-15T01:57:40.787Z] <<< [apiv2][body] GET https://firebase.googleapis.com/v1beta1/projects/clone-8a3ab {"projectId":"clone-8a3ab","projectNumber":"238090628469","displayName":"Amazon-clone","name":"projects/clone-8a3ab","resources":{"hostingSite":"clone-8a3ab"},"state":"ACTIVE","etag":"1_4d119c1f-d93f-4c28-bbf9-d37b48ab870d"}
[debug] [2023-01-15T01:57:40.789Z] [functions] found 1 new HTTP functions, testing setIamPolicy permission...
[debug] [2023-01-15T01:57:40.790Z] >>> [apiv2][query] POST https://cloudresourcemanager.googleapis.com/v1/projects/clone-8a3ab:testIamPermissions [none]
[debug] [2023-01-15T01:57:40.790Z] >>> [apiv2][(partial)header] POST https://cloudresourcemanager.googleapis.com/v1/projects/clone-8a3ab:testIamPermissions x-goog-quota-user=projects/clone-8a3ab
[debug] [2023-01-15T01:57:40.790Z] >>> [apiv2][body] POST https://cloudresourcemanager.googleapis.com/v1/projects/clone-8a3ab:testIamPermissions {"permissions":["cloudfunctions.functions.setIamPolicy"]}
[debug] [2023-01-15T01:57:40.915Z] <<< [apiv2][status] POST https://cloudresourcemanager.googleapis.com/v1/projects/clone-8a3ab:testIamPermissions 200
[debug] [2023-01-15T01:57:40.915Z] <<< [apiv2][body] POST https://cloudresourcemanager.googleapis.com/v1/projects/clone-8a3ab:testIamPermissions {"permissions":["cloudfunctions.functions.setIamPolicy"]}
[debug] [2023-01-15T01:57:40.915Z] [functions] found setIamPolicy permission, proceeding with deploy
[debug] [2023-01-15T01:57:40.917Z] >>> [apiv2][query] POST https://cloudfunctions.googleapis.com/v1/projects/clone-8a3ab/locations/us-central1/functions:generateUploadUrl [none]
[debug] [2023-01-15T01:57:40.917Z] >>> [apiv2][body] POST https://cloudfunctions.googleapis.com/v1/projects/clone-8a3ab/locations/us-central1/functions:generateUploadUrl {}
[debug] [2023-01-15T01:57:41.521Z] <<< [apiv2][status] POST https://cloudfunctions.googleapis.com/v1/projects/clone-8a3ab/locations/us-central1/functions:generateUploadUrl 200
[debug] [2023-01-15T01:57:41.521Z] <<< [apiv2][body] POST https://cloudfunctions.googleapis.com/v1/projects/clone-8a3ab/locations/us-central1/functions:generateUploadUrl {"uploadUrl":"https://storage.googleapis.com/uploads-756938552032.us-central1.cloudfunctions.appspot.com/f5b845bc-32cd-42d8-8cac-77e8cdaf4e07.zip?GoogleAccessId=service-238090628469@gcf-admin-robot.iam.gserviceaccount.com&Expires=1673749661&Signature=hvTo0EV7uFsS8YOEfSphnYiNoD2Dim3TPX%2Fgt3IN3x8YWiwHPdT4N7SmWr0HRZ82o2LZkrlW2DWJQFyd76sGAtl%2FxgJi5Dw7Edcno5vDMp0HoxdDgWYjfGio44bcCq8zcgKAJ%2FyiAQuvguAdhQI7xsqfcjtNpr6wWDErKknI2ctdtPlaYy5k9xPVJU91pfvm%2B3Leulp7cYAGX4P54nLNRaYsw3aaZpMlF%2Fdn%2BhPC83SziB3dDYX8YWD%2Bkv12KIUN3MKFvfvaOZKGkhsJz1A4cfaqH3oyHz3lFLPgvR3unlwUotq9edj7GlJZdW5L4v6uBgcisUmS0tyQSZMrcDt1Xg%3D%3D"}
[debug] [2023-01-15T01:57:41.524Z] >>> [apiv2][query] PUT https://storage.googleapis.com/uploads-756938552032.us-central1.cloudfunctions.appspot.com/f5b845bc-32cd-42d8-8cac-77e8cdaf4e07.zip GoogleAccessId=service-238090628469%40gcf-admin-robot.iam.gserviceaccount.com&Expires=1673749661&Signature=hvTo0EV7uFsS8YOEfSphnYiNoD2Dim3TPX%2Fgt3IN3x8YWiwHPdT4N7SmWr0HRZ82o2LZkrlW2DWJQFyd76sGAtl%2FxgJi5Dw7Edcno5vDMp0HoxdDgWYjfGio44bcCq8zcgKAJ%2FyiAQuvguAdhQI7xsqfcjtNpr6wWDErKknI2ctdtPlaYy5k9xPVJU91pfvm%2B3Leulp7cYAGX4P54nLNRaYsw3aaZpMlF%2Fdn%2BhPC83SziB3dDYX8YWD%2Bkv12KIUN3MKFvfvaOZKGkhsJz1A4cfaqH3oyHz3lFLPgvR3unlwUotq9edj7GlJZdW5L4v6uBgcisUmS0tyQSZMrcDt1Xg%3D%3D
[debug] [2023-01-15T01:57:41.524Z] >>> [apiv2][body] PUT https://storage.googleapis.com/uploads-756938552032.us-central1.cloudfunctions.appspot.com/f5b845bc-32cd-42d8-8cac-77e8cdaf4e07.zip [stream]
[debug] [2023-01-15T01:57:41.959Z] <<< [apiv2][status] PUT https://storage.googleapis.com/uploads-756938552032.us-central1.cloudfunctions.appspot.com/f5b845bc-32cd-42d8-8cac-77e8cdaf4e07.zip 200
[debug] [2023-01-15T01:57:41.960Z] <<< [apiv2][body] PUT https://storage.googleapis.com/uploads-756938552032.us-central1.cloudfunctions.appspot.com/f5b845bc-32cd-42d8-8cac-77e8cdaf4e07.zip [omitted]
[info] +  functions: functions folder uploaded successfully 
[info] i  functions: creating Node.js 18 function api(us-central1)... 
[debug] [2023-01-15T01:57:41.974Z] >>> [apiv2][query] POST https://cloudfunctions.googleapis.com/v1/projects/clone-8a3ab/locations/us-central1/functions [none]
[debug] [2023-01-15T01:57:41.974Z] >>> [apiv2][body] POST https://cloudfunctions.googleapis.com/v1/projects/clone-8a3ab/locations/us-central1/functions {"name":"projects/clone-8a3ab/locations/us-central1/functions/api","sourceUploadUrl":"https://storage.googleapis.com/uploads-756938552032.us-central1.cloudfunctions.appspot.com/f5b845bc-32cd-42d8-8cac-77e8cdaf4e07.zip?GoogleAccessId=service-238090628469@gcf-admin-robot.iam.gserviceaccount.com&Expires=1673749661&Signature=hvTo0EV7uFsS8YOEfSphnYiNoD2Dim3TPX%2Fgt3IN3x8YWiwHPdT4N7SmWr0HRZ82o2LZkrlW2DWJQFyd76sGAtl%2FxgJi5Dw7Edcno5vDMp0HoxdDgWYjfGio44bcCq8zcgKAJ%2FyiAQuvguAdhQI7xsqfcjtNpr6wWDErKknI2ctdtPlaYy5k9xPVJU91pfvm%2B3Leulp7cYAGX4P54nLNRaYsw3aaZpMlF%2Fdn%2BhPC83SziB3dDYX8YWD%2Bkv12KIUN3MKFvfvaOZKGkhsJz1A4cfaqH3oyHz3lFLPgvR3unlwUotq9edj7GlJZdW5L4v6uBgcisUmS0tyQSZMrcDt1Xg%3D%3D","entryPoint":"api","runtime":"nodejs18","dockerRegistry":"ARTIFACT_REGISTRY","labels":{"deployment-tool":"cli-firebase","firebase-functions-hash":"2882bba916a1a1bcd040b0eb693a907d50dd97bd"},"httpsTrigger":{"securityLevel":"SECURE_ALWAYS"},"minInstances":null,"maxInstances":null,"ingressSettings":null,"environmentVariables":{"FIREBASE_CONFIG":"{\"projectId\":\"clone-8a3ab\",\"storageBucket\":\"clone-8a3ab.appspot.com\"}","GCLOUD_PROJECT":"clone-8a3ab","EVENTARC_CLOUD_EVENT_SOURCE":"projects/clone-8a3ab/locations/us-central1/functions/api"},"serviceAccountEmail":null,"availableMemoryMb":null,"timeout":null,"vpcConnector":null,"vpcConnectorEgressSettings":null}
[debug] [2023-01-15T01:57:42.668Z] <<< [apiv2][status] POST https://cloudfunctions.googleapis.com/v1/projects/clone-8a3ab/locations/us-central1/functions 200
[debug] [2023-01-15T01:57:42.669Z] <<< [apiv2][body] POST https://cloudfunctions.googleapis.com/v1/projects/clone-8a3ab/locations/us-central1/functions {"name":"operations/Y2xvbmUtOGEzYWIvdXMtY2VudHJhbDEvYXBpL0VkYXRPNVAzV2c0","metadata":{"@type":"type.googleapis.com/google.cloud.functions.v1.OperationMetadataV1","target":"projects/clone-8a3ab/locations/us-central1/functions/api","type":"CREATE_FUNCTION","request":{"@type":"type.googleapis.com/google.cloud.functions.v1.CloudFunction","name":"projects/clone-8a3ab/locations/us-central1/functions/api","httpsTrigger":{"securityLevel":"SECURE_ALWAYS"},"entryPoint":"api","labels":{"deployment-tool":"cli-firebase","firebase-functions-hash":"2882bba916a1a1bcd040b0eb693a907d50dd97bd"},"sourceUploadUrl":"https://storage.googleapis.com/uploads-756938552032.us-central1.cloudfunctions.appspot.com/f5b845bc-32cd-42d8-8cac-77e8cdaf4e07.zip?GoogleAccessId=service-238090628469@gcf-admin-robot.iam.gserviceaccount.com&Expires=1673749661&Signature=hvTo0EV7uFsS8YOEfSphnYiNoD2Dim3TPX%2Fgt3IN3x8YWiwHPdT4N7SmWr0HRZ82o2LZkrlW2DWJQFyd76sGAtl%2FxgJi5Dw7Edcno5vDMp0HoxdDgWYjfGio44bcCq8zcgKAJ%2FyiAQuvguAdhQI7xsqfcjtNpr6wWDErKknI2ctdtPlaYy5k9xPVJU91pfvm%2B3Leulp7cYAGX4P54nLNRaYsw3aaZpMlF%2Fdn%2BhPC83SziB3dDYX8YWD%2Bkv12KIUN3MKFvfvaOZKGkhsJz1A4cfaqH3oyHz3lFLPgvR3unlwUotq9edj7GlJZdW5L4v6uBgcisUmS0tyQSZMrcDt1Xg%3D%3D","environmentVariables":{"FIREBASE_CONFIG":"{\"projectId\":\"clone-8a3ab\",\"storageBucket\":\"clone-8a3ab.appspot.com\"}","GCLOUD_PROJECT":"clone-8a3ab","EVENTARC_CLOUD_EVENT_SOURCE":"projects/clone-8a3ab/locations/us-central1/functions/api"},"runtime":"nodejs18","dockerRegistry":"ARTIFACT_REGISTRY"},"versionId":"1","updateTime":"2023-01-15T01:57:42Z"}}
[debug] [2023-01-15T01:57:42.671Z] >>> [apiv2][query] GET https://cloudfunctions.googleapis.com/v1/operations/Y2xvbmUtOGEzYWIvdXMtY2VudHJhbDEvYXBpL0VkYXRPNVAzV2c0 [none]
[debug] [2023-01-15T01:57:42.929Z] <<< [apiv2][status] GET https://cloudfunctions.googleapis.com/v1/operations/Y2xvbmUtOGEzYWIvdXMtY2VudHJhbDEvYXBpL0VkYXRPNVAzV2c0 200
[debug] [2023-01-15T01:57:42.929Z] <<< [apiv2][body] GET https://cloudfunctions.googleapis.com/v1/operations/Y2xvbmUtOGEzYWIvdXMtY2VudHJhbDEvYXBpL0VkYXRPNVAzV2c0 {"name":"operations/Y2xvbmUtOGEzYWIvdXMtY2VudHJhbDEvYXBpL0VkYXRPNVAzV2c0","metadata":{"@type":"type.googleapis.com/google.cloud.functions.v1.OperationMetadataV1","target":"projects/clone-8a3ab/locations/us-central1/functions/api","type":"CREATE_FUNCTION","request":{"@type":"type.googleapis.com/google.cloud.functions.v1.CloudFunction","name":"projects/clone-8a3ab/locations/us-central1/functions/api","httpsTrigger":{"securityLevel":"SECURE_ALWAYS"},"entryPoint":"api","labels":{"deployment-tool":"cli-firebase","firebase-functions-hash":"2882bba916a1a1bcd040b0eb693a907d50dd97bd"},"sourceUploadUrl":"https://storage.googleapis.com/uploads-756938552032.us-central1.cloudfunctions.appspot.com/f5b845bc-32cd-42d8-8cac-77e8cdaf4e07.zip?GoogleAccessId=service-238090628469@gcf-admin-robot.iam.gserviceaccount.com&Expires=1673749661&Signature=hvTo0EV7uFsS8YOEfSphnYiNoD2Dim3TPX%2Fgt3IN3x8YWiwHPdT4N7SmWr0HRZ82o2LZkrlW2DWJQFyd76sGAtl%2FxgJi5Dw7Edcno5vDMp0HoxdDgWYjfGio44bcCq8zcgKAJ%2FyiAQuvguAdhQI7xsqfcjtNpr6wWDErKknI2ctdtPlaYy5k9xPVJU91pfvm%2B3Leulp7cYAGX4P54nLNRaYsw3aaZpMlF%2Fdn%2BhPC83SziB3dDYX8YWD%2Bkv12KIUN3MKFvfvaOZKGkhsJz1A4cfaqH3oyHz3lFLPgvR3unlwUotq9edj7GlJZdW5L4v6uBgcisUmS0tyQSZMrcDt1Xg%3D%3D","environmentVariables":{"FIREBASE_CONFIG":"{\"projectId\":\"clone-8a3ab\",\"storageBucket\":\"clone-8a3ab.appspot.com\"}","GCLOUD_PROJECT":"clone-8a3ab","EVENTARC_CLOUD_EVENT_SOURCE":"projects/clone-8a3ab/locations/us-central1/functions/api"},"runtime":"nodejs18","dockerRegistry":"ARTIFACT_REGISTRY"},"versionId":"1","updateTime":"2023-01-15T01:57:42Z"}}
[debug] [2023-01-15T01:57:43.438Z] [create-default-us-central1-api] Retrying task index 0
[debug] [2023-01-15T01:57:43.439Z] >>> [apiv2][query] GET https://cloudfunctions.googleapis.com/v1/operations/Y2xvbmUtOGEzYWIvdXMtY2VudHJhbDEvYXBpL0VkYXRPNVAzV2c0 [none]
[debug] [2023-01-15T01:57:43.739Z] <<< [apiv2][status] GET https://cloudfunctions.googleapis.com/v1/operations/Y2xvbmUtOGEzYWIvdXMtY2VudHJhbDEvYXBpL0VkYXRPNVAzV2c0 200
[debug] [2023-01-15T01:57:43.739Z] <<< [apiv2][body] GET https://cloudfunctions.googleapis.com/v1/operations/Y2xvbmUtOGEzYWIvdXMtY2VudHJhbDEvYXBpL0VkYXRPNVAzV2c0 {"name":"operations/Y2xvbmUtOGEzYWIvdXMtY2VudHJhbDEvYXBpL0VkYXRPNVAzV2c0","metadata":{"@type":"type.googleapis.com/google.cloud.functions.v1.OperationMetadataV1","target":"projects/clone-8a3ab/locations/us-central1/functions/api","type":"CREATE_FUNCTION","request":{"@type":"type.googleapis.com/google.cloud.functions.v1.CloudFunction","name":"projects/clone-8a3ab/locations/us-central1/functions/api","httpsTrigger":{"securityLevel":"SECURE_ALWAYS"},"entryPoint":"api","labels":{"deployment-tool":"cli-firebase","firebase-functions-hash":"2882bba916a1a1bcd040b0eb693a907d50dd97bd"},"sourceUploadUrl":"https://storage.googleapis.com/uploads-756938552032.us-central1.cloudfunctions.appspot.com/f5b845bc-32cd-42d8-8cac-77e8cdaf4e07.zip?GoogleAccessId=service-238090628469@gcf-admin-robot.iam.gserviceaccount.com&Expires=1673749661&Signature=hvTo0EV7uFsS8YOEfSphnYiNoD2Dim3TPX%2Fgt3IN3x8YWiwHPdT4N7SmWr0HRZ82o2LZkrlW2DWJQFyd76sGAtl%2FxgJi5Dw7Edcno5vDMp0HoxdDgWYjfGio44bcCq8zcgKAJ%2FyiAQuvguAdhQI7xsqfcjtNpr6wWDErKknI2ctdtPlaYy5k9xPVJU91pfvm%2B3Leulp7cYAGX4P54nLNRaYsw3aaZpMlF%2Fdn%2BhPC83SziB3dDYX8YWD%2Bkv12KIUN3MKFvfvaOZKGkhsJz1A4cfaqH3oyHz3lFLPgvR3unlwUotq9edj7GlJZdW5L4v6uBgcisUmS0tyQSZMrcDt1Xg%3D%3D","environmentVariables":{"FIREBASE_CONFIG":"{\"projectId\":\"clone-8a3ab\",\"storageBucket\":\"clone-8a3ab.appspot.com\"}","GCLOUD_PROJECT":"clone-8a3ab","EVENTARC_CLOUD_EVENT_SOURCE":"projects/clone-8a3ab/locations/us-central1/functions/api"},"runtime":"nodejs18","dockerRegistry":"ARTIFACT_REGISTRY"},"versionId":"1","updateTime":"2023-01-15T01:57:42Z"}}
[debug] [2023-01-15T01:57:44.750Z] [create-default-us-central1-api] Retrying task index 0
[debug] [2023-01-15T01:57:44.751Z] >>> [apiv2][query] GET https://cloudfunctions.googleapis.com/v1/operations/Y2xvbmUtOGEzYWIvdXMtY2VudHJhbDEvYXBpL0VkYXRPNVAzV2c0 [none]
[debug] [2023-01-15T01:57:44.998Z] <<< [apiv2][status] GET https://cloudfunctions.googleapis.com/v1/operations/Y2xvbmUtOGEzYWIvdXMtY2VudHJhbDEvYXBpL0VkYXRPNVAzV2c0 200
[debug] [2023-01-15T01:57:44.999Z] <<< [apiv2][body] GET https://cloudfunctions.googleapis.com/v1/operations/Y2xvbmUtOGEzYWIvdXMtY2VudHJhbDEvYXBpL0VkYXRPNVAzV2c0 {"name":"operations/Y2xvbmUtOGEzYWIvdXMtY2VudHJhbDEvYXBpL0VkYXRPNVAzV2c0","metadata":{"@type":"type.googleapis.com/google.cloud.functions.v1.OperationMetadataV1","target":"projects/clone-8a3ab/locations/us-central1/functions/api","type":"CREATE_FUNCTION","request":{"@type":"type.googleapis.com/google.cloud.functions.v1.CloudFunction","name":"projects/clone-8a3ab/locations/us-central1/functions/api","httpsTrigger":{"securityLevel":"SECURE_ALWAYS"},"entryPoint":"api","labels":{"deployment-tool":"cli-firebase","firebase-functions-hash":"2882bba916a1a1bcd040b0eb693a907d50dd97bd"},"sourceUploadUrl":"https://storage.googleapis.com/uploads-756938552032.us-central1.cloudfunctions.appspot.com/f5b845bc-32cd-42d8-8cac-77e8cdaf4e07.zip?GoogleAccessId=service-238090628469@gcf-admin-robot.iam.gserviceaccount.com&Expires=1673749661&Signature=hvTo0EV7uFsS8YOEfSphnYiNoD2Dim3TPX%2Fgt3IN3x8YWiwHPdT4N7SmWr0HRZ82o2LZkrlW2DWJQFyd76sGAtl%2FxgJi5Dw7Edcno5vDMp0HoxdDgWYjfGio44bcCq8zcgKAJ%2FyiAQuvguAdhQI7xsqfcjtNpr6wWDErKknI2ctdtPlaYy5k9xPVJU91pfvm%2B3Leulp7cYAGX4P54nLNRaYsw3aaZpMlF%2Fdn%2BhPC83SziB3dDYX8YWD%2Bkv12KIUN3MKFvfvaOZKGkhsJz1A4cfaqH3oyHz3lFLPgvR3unlwUotq9edj7GlJZdW5L4v6uBgcisUmS0tyQSZMrcDt1Xg%3D%3D","environmentVariables":{"FIREBASE_CONFIG":"{\"projectId\":\"clone-8a3ab\",\"storageBucket\":\"clone-8a3ab.appspot.com\"}","GCLOUD_PROJECT":"clone-8a3ab","EVENTARC_CLOUD_EVENT_SOURCE":"projects/clone-8a3ab/locations/us-central1/functions/api"},"runtime":"nodejs18","dockerRegistry":"ARTIFACT_REGISTRY"},"versionId":"1","updateTime":"2023-01-15T01:57:42Z","buildId":"b2e2a363-4235-4b17-a078-cfce3c966a3b","buildName":"projects/238090628469/locations/us-central1/builds/b2e2a363-4235-4b17-a078-cfce3c966a3b"}}
[debug] [2023-01-15T01:57:47.003Z] [create-default-us-central1-api] Retrying task index 0
[debug] [2023-01-15T01:57:47.003Z] >>> [apiv2][query] GET https://cloudfunctions.googleapis.com/v1/operations/Y2xvbmUtOGEzYWIvdXMtY2VudHJhbDEvYXBpL0VkYXRPNVAzV2c0 [none]
[debug] [2023-01-15T01:57:47.288Z] <<< [apiv2][status] GET https://cloudfunctions.googleapis.com/v1/operations/Y2xvbmUtOGEzYWIvdXMtY2VudHJhbDEvYXBpL0VkYXRPNVAzV2c0 200
[debug] [2023-01-15T01:57:47.288Z] <<< [apiv2][body] GET https://cloudfunctions.googleapis.com/v1/operations/Y2xvbmUtOGEzYWIvdXMtY2VudHJhbDEvYXBpL0VkYXRPNVAzV2c0 {"name":"operations/Y2xvbmUtOGEzYWIvdXMtY2VudHJhbDEvYXBpL0VkYXRPNVAzV2c0","metadata":{"@type":"type.googleapis.com/google.cloud.functions.v1.OperationMetadataV1","target":"projects/clone-8a3ab/locations/us-central1/functions/api","type":"CREATE_FUNCTION","request":{"@type":"type.googleapis.com/google.cloud.functions.v1.CloudFunction","name":"projects/clone-8a3ab/locations/us-central1/functions/api","httpsTrigger":{"securityLevel":"SECURE_ALWAYS"},"entryPoint":"api","labels":{"deployment-tool":"cli-firebase","firebase-functions-hash":"2882bba916a1a1bcd040b0eb693a907d50dd97bd"},"sourceUploadUrl":"https://storage.googleapis.com/uploads-756938552032.us-central1.cloudfunctions.appspot.com/f5b845bc-32cd-42d8-8cac-77e8cdaf4e07.zip?GoogleAccessId=service-238090628469@gcf-admin-robot.iam.gserviceaccount.com&Expires=1673749661&Signature=hvTo0EV7uFsS8YOEfSphnYiNoD2Dim3TPX%2Fgt3IN3x8YWiwHPdT4N7SmWr0HRZ82o2LZkrlW2DWJQFyd76sGAtl%2FxgJi5Dw7Edcno5vDMp0HoxdDgWYjfGio44bcCq8zcgKAJ%2FyiAQuvguAdhQI7xsqfcjtNpr6wWDErKknI2ctdtPlaYy5k9xPVJU91pfvm%2B3Leulp7cYAGX4P54nLNRaYsw3aaZpMlF%2Fdn%2BhPC83SziB3dDYX8YWD%2Bkv12KIUN3MKFvfvaOZKGkhsJz1A4cfaqH3oyHz3lFLPgvR3unlwUotq9edj7GlJZdW5L4v6uBgcisUmS0tyQSZMrcDt1Xg%3D%3D","environmentVariables":{"FIREBASE_CONFIG":"{\"projectId\":\"clone-8a3ab\",\"storageBucket\":\"clone-8a3ab.appspot.com\"}","GCLOUD_PROJECT":"clone-8a3ab","EVENTARC_CLOUD_EVENT_SOURCE":"projects/clone-8a3ab/locations/us-central1/functions/api"},"runtime":"nodejs18","dockerRegistry":"ARTIFACT_REGISTRY"},"versionId":"1","updateTime":"2023-01-15T01:57:42Z","buildId":"b2e2a363-4235-4b17-a078-cfce3c966a3b","buildName":"projects/238090628469/locations/us-central1/builds/b2e2a363-4235-4b17-a078-cfce3c966a3b"}}
[debug] [2023-01-15T01:57:51.293Z] [create-default-us-central1-api] Retrying task index 0
[debug] [2023-01-15T01:57:51.294Z] >>> [apiv2][query] GET https://cloudfunctions.googleapis.com/v1/operations/Y2xvbmUtOGEzYWIvdXMtY2VudHJhbDEvYXBpL0VkYXRPNVAzV2c0 [none]
[debug] [2023-01-15T01:57:51.502Z] <<< [apiv2][status] GET https://cloudfunctions.googleapis.com/v1/operations/Y2xvbmUtOGEzYWIvdXMtY2VudHJhbDEvYXBpL0VkYXRPNVAzV2c0 200
[debug] [2023-01-15T01:57:51.502Z] <<< [apiv2][body] GET https://cloudfunctions.googleapis.com/v1/operations/Y2xvbmUtOGEzYWIvdXMtY2VudHJhbDEvYXBpL0VkYXRPNVAzV2c0 {"name":"operations/Y2xvbmUtOGEzYWIvdXMtY2VudHJhbDEvYXBpL0VkYXRPNVAzV2c0","metadata":{"@type":"type.googleapis.com/google.cloud.functions.v1.OperationMetadataV1","target":"projects/clone-8a3ab/locations/us-central1/functions/api","type":"CREATE_FUNCTION","request":{"@type":"type.googleapis.com/google.cloud.functions.v1.CloudFunction","name":"projects/clone-8a3ab/locations/us-central1/functions/api","httpsTrigger":{"securityLevel":"SECURE_ALWAYS"},"entryPoint":"api","labels":{"deployment-tool":"cli-firebase","firebase-functions-hash":"2882bba916a1a1bcd040b0eb693a907d50dd97bd"},"sourceUploadUrl":"https://storage.googleapis.com/uploads-756938552032.us-central1.cloudfunctions.appspot.com/f5b845bc-32cd-42d8-8cac-77e8cdaf4e07.zip?GoogleAccessId=service-238090628469@gcf-admin-robot.iam.gserviceaccount.com&Expires=1673749661&Signature=hvTo0EV7uFsS8YOEfSphnYiNoD2Dim3TPX%2Fgt3IN3x8YWiwHPdT4N7SmWr0HRZ82o2LZkrlW2DWJQFyd76sGAtl%2FxgJi5Dw7Edcno5vDMp0HoxdDgWYjfGio44bcCq8zcgKAJ%2FyiAQuvguAdhQI7xsqfcjtNpr6wWDErKknI2ctdtPlaYy5k9xPVJU91pfvm%2B3Leulp7cYAGX4P54nLNRaYsw3aaZpMlF%2Fdn%2BhPC83SziB3dDYX8YWD%2Bkv12KIUN3MKFvfvaOZKGkhsJz1A4cfaqH3oyHz3lFLPgvR3unlwUotq9edj7GlJZdW5L4v6uBgcisUmS0tyQSZMrcDt1Xg%3D%3D","environmentVariables":{"FIREBASE_CONFIG":"{\"projectId\":\"clone-8a3ab\",\"storageBucket\":\"clone-8a3ab.appspot.com\"}","GCLOUD_PROJECT":"clone-8a3ab","EVENTARC_CLOUD_EVENT_SOURCE":"projects/clone-8a3ab/locations/us-central1/functions/api"},"runtime":"nodejs18","dockerRegistry":"ARTIFACT_REGISTRY"},"versionId":"1","updateTime":"2023-01-15T01:57:42Z","buildId":"b2e2a363-4235-4b17-a078-cfce3c966a3b","buildName":"projects/238090628469/locations/us-central1/builds/b2e2a363-4235-4b17-a078-cfce3c966a3b"}}
[debug] [2023-01-15T01:57:59.514Z] [create-default-us-central1-api] Retrying task index 0
[debug] [2023-01-15T01:57:59.519Z] > refreshing access token with scopes: []
[debug] [2023-01-15T01:57:59.522Z] >>> [apiv2][query] POST https://www.googleapis.com/oauth2/v3/token [none]
[debug] [2023-01-15T01:57:59.522Z] >>> [apiv2][body] POST https://www.googleapis.com/oauth2/v3/token [omitted]
[debug] [2023-01-15T01:57:59.700Z] <<< [apiv2][status] POST https://www.googleapis.com/oauth2/v3/token 200
[debug] [2023-01-15T01:57:59.700Z] <<< [apiv2][body] POST https://www.googleapis.com/oauth2/v3/token [omitted]
[debug] [2023-01-15T01:57:59.790Z] >>> [apiv2][query] GET https://cloudfunctions.googleapis.com/v1/operations/Y2xvbmUtOGEzYWIvdXMtY2VudHJhbDEvYXBpL0VkYXRPNVAzV2c0 [none]
[debug] [2023-01-15T01:58:00.052Z] <<< [apiv2][status] GET https://cloudfunctions.googleapis.com/v1/operations/Y2xvbmUtOGEzYWIvdXMtY2VudHJhbDEvYXBpL0VkYXRPNVAzV2c0 200
[debug] [2023-01-15T01:58:00.053Z] <<< [apiv2][body] GET https://cloudfunctions.googleapis.com/v1/operations/Y2xvbmUtOGEzYWIvdXMtY2VudHJhbDEvYXBpL0VkYXRPNVAzV2c0 {"name":"operations/Y2xvbmUtOGEzYWIvdXMtY2VudHJhbDEvYXBpL0VkYXRPNVAzV2c0","metadata":{"@type":"type.googleapis.com/google.cloud.functions.v1.OperationMetadataV1","target":"projects/clone-8a3ab/locations/us-central1/functions/api","type":"CREATE_FUNCTION","request":{"@type":"type.googleapis.com/google.cloud.functions.v1.CloudFunction","name":"projects/clone-8a3ab/locations/us-central1/functions/api","httpsTrigger":{"securityLevel":"SECURE_ALWAYS"},"entryPoint":"api","labels":{"deployment-tool":"cli-firebase","firebase-functions-hash":"2882bba916a1a1bcd040b0eb693a907d50dd97bd"},"sourceUploadUrl":"https://storage.googleapis.com/uploads-756938552032.us-central1.cloudfunctions.appspot.com/f5b845bc-32cd-42d8-8cac-77e8cdaf4e07.zip?GoogleAccessId=service-238090628469@gcf-admin-robot.iam.gserviceaccount.com&Expires=1673749661&Signature=hvTo0EV7uFsS8YOEfSphnYiNoD2Dim3TPX%2Fgt3IN3x8YWiwHPdT4N7SmWr0HRZ82o2LZkrlW2DWJQFyd76sGAtl%2FxgJi5Dw7Edcno5vDMp0HoxdDgWYjfGio44bcCq8zcgKAJ%2FyiAQuvguAdhQI7xsqfcjtNpr6wWDErKknI2ctdtPlaYy5k9xPVJU91pfvm%2B3Leulp7cYAGX4P54nLNRaYsw3aaZpMlF%2Fdn%2BhPC83SziB3dDYX8YWD%2Bkv12KIUN3MKFvfvaOZKGkhsJz1A4cfaqH3oyHz3lFLPgvR3unlwUotq9edj7GlJZdW5L4v6uBgcisUmS0tyQSZMrcDt1Xg%3D%3D","environmentVariables":{"FIREBASE_CONFIG":"{\"projectId\":\"clone-8a3ab\",\"storageBucket\":\"clone-8a3ab.appspot.com\"}","GCLOUD_PROJECT":"clone-8a3ab","EVENTARC_CLOUD_EVENT_SOURCE":"projects/clone-8a3ab/locations/us-central1/functions/api"},"runtime":"nodejs18","dockerRegistry":"ARTIFACT_REGISTRY"},"versionId":"1","updateTime":"2023-01-15T01:57:42Z","buildId":"b2e2a363-4235-4b17-a078-cfce3c966a3b","buildName":"projects/238090628469/locations/us-central1/builds/b2e2a363-4235-4b17-a078-cfce3c966a3b"}}
[debug] [2023-01-15T01:58:10.064Z] [create-default-us-central1-api] Retrying task index 0
[debug] [2023-01-15T01:58:10.066Z] >>> [apiv2][query] GET https://cloudfunctions.googleapis.com/v1/operations/Y2xvbmUtOGEzYWIvdXMtY2VudHJhbDEvYXBpL0VkYXRPNVAzV2c0 [none]
[debug] [2023-01-15T01:58:10.289Z] <<< [apiv2][status] GET https://cloudfunctions.googleapis.com/v1/operations/Y2xvbmUtOGEzYWIvdXMtY2VudHJhbDEvYXBpL0VkYXRPNVAzV2c0 200
[debug] [2023-01-15T01:58:10.290Z] <<< [apiv2][body] GET https://cloudfunctions.googleapis.com/v1/operations/Y2xvbmUtOGEzYWIvdXMtY2VudHJhbDEvYXBpL0VkYXRPNVAzV2c0 {"name":"operations/Y2xvbmUtOGEzYWIvdXMtY2VudHJhbDEvYXBpL0VkYXRPNVAzV2c0","metadata":{"@type":"type.googleapis.com/google.cloud.functions.v1.OperationMetadataV1","target":"projects/clone-8a3ab/locations/us-central1/functions/api","type":"CREATE_FUNCTION","request":{"@type":"type.googleapis.com/google.cloud.functions.v1.CloudFunction","name":"projects/clone-8a3ab/locations/us-central1/functions/api","httpsTrigger":{"securityLevel":"SECURE_ALWAYS"},"entryPoint":"api","labels":{"deployment-tool":"cli-firebase","firebase-functions-hash":"2882bba916a1a1bcd040b0eb693a907d50dd97bd"},"sourceUploadUrl":"https://storage.googleapis.com/uploads-756938552032.us-central1.cloudfunctions.appspot.com/f5b845bc-32cd-42d8-8cac-77e8cdaf4e07.zip?GoogleAccessId=service-238090628469@gcf-admin-robot.iam.gserviceaccount.com&Expires=1673749661&Signature=hvTo0EV7uFsS8YOEfSphnYiNoD2Dim3TPX%2Fgt3IN3x8YWiwHPdT4N7SmWr0HRZ82o2LZkrlW2DWJQFyd76sGAtl%2FxgJi5Dw7Edcno5vDMp0HoxdDgWYjfGio44bcCq8zcgKAJ%2FyiAQuvguAdhQI7xsqfcjtNpr6wWDErKknI2ctdtPlaYy5k9xPVJU91pfvm%2B3Leulp7cYAGX4P54nLNRaYsw3aaZpMlF%2Fdn%2BhPC83SziB3dDYX8YWD%2Bkv12KIUN3MKFvfvaOZKGkhsJz1A4cfaqH3oyHz3lFLPgvR3unlwUotq9edj7GlJZdW5L4v6uBgcisUmS0tyQSZMrcDt1Xg%3D%3D","environmentVariables":{"FIREBASE_CONFIG":"{\"projectId\":\"clone-8a3ab\",\"storageBucket\":\"clone-8a3ab.appspot.com\"}","GCLOUD_PROJECT":"clone-8a3ab","EVENTARC_CLOUD_EVENT_SOURCE":"projects/clone-8a3ab/locations/us-central1/functions/api"},"runtime":"nodejs18","dockerRegistry":"ARTIFACT_REGISTRY"},"versionId":"1","updateTime":"2023-01-15T01:57:42Z","buildId":"b2e2a363-4235-4b17-a078-cfce3c966a3b","buildName":"projects/238090628469/locations/us-central1/builds/b2e2a363-4235-4b17-a078-cfce3c966a3b"}}
[debug] [2023-01-15T01:58:20.305Z] [create-default-us-central1-api] Retrying task index 0
[debug] [2023-01-15T01:58:20.306Z] >>> [apiv2][query] GET https://cloudfunctions.googleapis.com/v1/operations/Y2xvbmUtOGEzYWIvdXMtY2VudHJhbDEvYXBpL0VkYXRPNVAzV2c0 [none]
[debug] [2023-01-15T01:58:20.635Z] <<< [apiv2][status] GET https://cloudfunctions.googleapis.com/v1/operations/Y2xvbmUtOGEzYWIvdXMtY2VudHJhbDEvYXBpL0VkYXRPNVAzV2c0 200
[debug] [2023-01-15T01:58:20.701Z] <<< [apiv2][body] GET https://cloudfunctions.googleapis.com/v1/operations/Y2xvbmUtOGEzYWIvdXMtY2VudHJhbDEvYXBpL0VkYXRPNVAzV2c0 {"name":"operations/Y2xvbmUtOGEzYWIvdXMtY2VudHJhbDEvYXBpL0VkYXRPNVAzV2c0","metadata":{"@type":"type.googleapis.com/google.cloud.functions.v1.OperationMetadataV1","target":"projects/clone-8a3ab/locations/us-central1/functions/api","type":"CREATE_FUNCTION","request":{"@type":"type.googleapis.com/google.cloud.functions.v1.CloudFunction","name":"projects/clone-8a3ab/locations/us-central1/functions/api","httpsTrigger":{"securityLevel":"SECURE_ALWAYS"},"entryPoint":"api","labels":{"deployment-tool":"cli-firebase","firebase-functions-hash":"2882bba916a1a1bcd040b0eb693a907d50dd97bd"},"sourceUploadUrl":"https://storage.googleapis.com/uploads-756938552032.us-central1.cloudfunctions.appspot.com/f5b845bc-32cd-42d8-8cac-77e8cdaf4e07.zip?GoogleAccessId=service-238090628469@gcf-admin-robot.iam.gserviceaccount.com&Expires=1673749661&Signature=hvTo0EV7uFsS8YOEfSphnYiNoD2Dim3TPX%2Fgt3IN3x8YWiwHPdT4N7SmWr0HRZ82o2LZkrlW2DWJQFyd76sGAtl%2FxgJi5Dw7Edcno5vDMp0HoxdDgWYjfGio44bcCq8zcgKAJ%2FyiAQuvguAdhQI7xsqfcjtNpr6wWDErKknI2ctdtPlaYy5k9xPVJU91pfvm%2B3Leulp7cYAGX4P54nLNRaYsw3aaZpMlF%2Fdn%2BhPC83SziB3dDYX8YWD%2Bkv12KIUN3MKFvfvaOZKGkhsJz1A4cfaqH3oyHz3lFLPgvR3unlwUotq9edj7GlJZdW5L4v6uBgcisUmS0tyQSZMrcDt1Xg%3D%3D","environmentVariables":{"FIREBASE_CONFIG":"{\"projectId\":\"clone-8a3ab\",\"storageBucket\":\"clone-8a3ab.appspot.com\"}","GCLOUD_PROJECT":"clone-8a3ab","EVENTARC_CLOUD_EVENT_SOURCE":"projects/clone-8a3ab/locations/us-central1/functions/api"},"runtime":"nodejs18","dockerRegistry":"ARTIFACT_REGISTRY"},"versionId":"1","updateTime":"2023-01-15T01:57:42Z","buildId":"b2e2a363-4235-4b17-a078-cfce3c966a3b","buildName":"projects/238090628469/locations/us-central1/builds/b2e2a363-4235-4b17-a078-cfce3c966a3b"}}
[debug] [2023-01-15T01:58:30.708Z] [create-default-us-central1-api] Retrying task index 0
[debug] [2023-01-15T01:58:30.709Z] >>> [apiv2][query] GET https://cloudfunctions.googleapis.com/v1/operations/Y2xvbmUtOGEzYWIvdXMtY2VudHJhbDEvYXBpL0VkYXRPNVAzV2c0 [none]
[debug] [2023-01-15T01:58:30.977Z] <<< [apiv2][status] GET https://cloudfunctions.googleapis.com/v1/operations/Y2xvbmUtOGEzYWIvdXMtY2VudHJhbDEvYXBpL0VkYXRPNVAzV2c0 200
[debug] [2023-01-15T01:58:30.978Z] <<< [apiv2][body] GET https://cloudfunctions.googleapis.com/v1/operations/Y2xvbmUtOGEzYWIvdXMtY2VudHJhbDEvYXBpL0VkYXRPNVAzV2c0 {"name":"operations/Y2xvbmUtOGEzYWIvdXMtY2VudHJhbDEvYXBpL0VkYXRPNVAzV2c0","metadata":{"@type":"type.googleapis.com/google.cloud.functions.v1.OperationMetadataV1","target":"projects/clone-8a3ab/locations/us-central1/functions/api","type":"CREATE_FUNCTION","request":{"@type":"type.googleapis.com/google.cloud.functions.v1.CloudFunction","name":"projects/clone-8a3ab/locations/us-central1/functions/api","httpsTrigger":{"securityLevel":"SECURE_ALWAYS"},"entryPoint":"api","labels":{"deployment-tool":"cli-firebase","firebase-functions-hash":"2882bba916a1a1bcd040b0eb693a907d50dd97bd"},"sourceUploadUrl":"https://storage.googleapis.com/uploads-756938552032.us-central1.cloudfunctions.appspot.com/f5b845bc-32cd-42d8-8cac-77e8cdaf4e07.zip?GoogleAccessId=service-238090628469@gcf-admin-robot.iam.gserviceaccount.com&Expires=1673749661&Signature=hvTo0EV7uFsS8YOEfSphnYiNoD2Dim3TPX%2Fgt3IN3x8YWiwHPdT4N7SmWr0HRZ82o2LZkrlW2DWJQFyd76sGAtl%2FxgJi5Dw7Edcno5vDMp0HoxdDgWYjfGio44bcCq8zcgKAJ%2FyiAQuvguAdhQI7xsqfcjtNpr6wWDErKknI2ctdtPlaYy5k9xPVJU91pfvm%2B3Leulp7cYAGX4P54nLNRaYsw3aaZpMlF%2Fdn%2BhPC83SziB3dDYX8YWD%2Bkv12KIUN3MKFvfvaOZKGkhsJz1A4cfaqH3oyHz3lFLPgvR3unlwUotq9edj7GlJZdW5L4v6uBgcisUmS0tyQSZMrcDt1Xg%3D%3D","environmentVariables":{"FIREBASE_CONFIG":"{\"projectId\":\"clone-8a3ab\",\"storageBucket\":\"clone-8a3ab.appspot.com\"}","GCLOUD_PROJECT":"clone-8a3ab","EVENTARC_CLOUD_EVENT_SOURCE":"projects/clone-8a3ab/locations/us-central1/functions/api"},"runtime":"nodejs18","dockerRegistry":"ARTIFACT_REGISTRY"},"versionId":"1","updateTime":"2023-01-15T01:57:42Z","buildId":"b2e2a363-4235-4b17-a078-cfce3c966a3b","buildName":"projects/238090628469/locations/us-central1/builds/b2e2a363-4235-4b17-a078-cfce3c966a3b"}}
[debug] [2023-01-15T01:58:40.991Z] [create-default-us-central1-api] Retrying task index 0
[debug] [2023-01-15T01:58:40.992Z] >>> [apiv2][query] GET https://cloudfunctions.googleapis.com/v1/operations/Y2xvbmUtOGEzYWIvdXMtY2VudHJhbDEvYXBpL0VkYXRPNVAzV2c0 [none]
[debug] [2023-01-15T01:58:41.284Z] <<< [apiv2][status] GET https://cloudfunctions.googleapis.com/v1/operations/Y2xvbmUtOGEzYWIvdXMtY2VudHJhbDEvYXBpL0VkYXRPNVAzV2c0 200
[debug] [2023-01-15T01:58:41.285Z] <<< [apiv2][body] GET https://cloudfunctions.googleapis.com/v1/operations/Y2xvbmUtOGEzYWIvdXMtY2VudHJhbDEvYXBpL0VkYXRPNVAzV2c0 {"name":"operations/Y2xvbmUtOGEzYWIvdXMtY2VudHJhbDEvYXBpL0VkYXRPNVAzV2c0","metadata":{"@type":"type.googleapis.com/google.cloud.functions.v1.OperationMetadataV1","target":"projects/clone-8a3ab/locations/us-central1/functions/api","type":"CREATE_FUNCTION","request":{"@type":"type.googleapis.com/google.cloud.functions.v1.CloudFunction","name":"projects/clone-8a3ab/locations/us-central1/functions/api","httpsTrigger":{"securityLevel":"SECURE_ALWAYS"},"entryPoint":"api","labels":{"deployment-tool":"cli-firebase","firebase-functions-hash":"2882bba916a1a1bcd040b0eb693a907d50dd97bd"},"sourceUploadUrl":"https://storage.googleapis.com/uploads-756938552032.us-central1.cloudfunctions.appspot.com/f5b845bc-32cd-42d8-8cac-77e8cdaf4e07.zip?GoogleAccessId=service-238090628469@gcf-admin-robot.iam.gserviceaccount.com&Expires=1673749661&Signature=hvTo0EV7uFsS8YOEfSphnYiNoD2Dim3TPX%2Fgt3IN3x8YWiwHPdT4N7SmWr0HRZ82o2LZkrlW2DWJQFyd76sGAtl%2FxgJi5Dw7Edcno5vDMp0HoxdDgWYjfGio44bcCq8zcgKAJ%2FyiAQuvguAdhQI7xsqfcjtNpr6wWDErKknI2ctdtPlaYy5k9xPVJU91pfvm%2B3Leulp7cYAGX4P54nLNRaYsw3aaZpMlF%2Fdn%2BhPC83SziB3dDYX8YWD%2Bkv12KIUN3MKFvfvaOZKGkhsJz1A4cfaqH3oyHz3lFLPgvR3unlwUotq9edj7GlJZdW5L4v6uBgcisUmS0tyQSZMrcDt1Xg%3D%3D","environmentVariables":{"FIREBASE_CONFIG":"{\"projectId\":\"clone-8a3ab\",\"storageBucket\":\"clone-8a3ab.appspot.com\"}","GCLOUD_PROJECT":"clone-8a3ab","EVENTARC_CLOUD_EVENT_SOURCE":"projects/clone-8a3ab/locations/us-central1/functions/api"},"runtime":"nodejs18","dockerRegistry":"ARTIFACT_REGISTRY"},"versionId":"1","updateTime":"2023-01-15T01:57:42Z","buildId":"b2e2a363-4235-4b17-a078-cfce3c966a3b","buildName":"projects/238090628469/locations/us-central1/builds/b2e2a363-4235-4b17-a078-cfce3c966a3b"}}
[debug] [2023-01-15T01:58:51.300Z] [create-default-us-central1-api] Retrying task index 0
[debug] [2023-01-15T01:58:51.301Z] >>> [apiv2][query] GET https://cloudfunctions.googleapis.com/v1/operations/Y2xvbmUtOGEzYWIvdXMtY2VudHJhbDEvYXBpL0VkYXRPNVAzV2c0 [none]
[debug] [2023-01-15T01:58:51.560Z] <<< [apiv2][status] GET https://cloudfunctions.googleapis.com/v1/operations/Y2xvbmUtOGEzYWIvdXMtY2VudHJhbDEvYXBpL0VkYXRPNVAzV2c0 200
[debug] [2023-01-15T01:58:51.561Z] <<< [apiv2][body] GET https://cloudfunctions.googleapis.com/v1/operations/Y2xvbmUtOGEzYWIvdXMtY2VudHJhbDEvYXBpL0VkYXRPNVAzV2c0 {"name":"operations/Y2xvbmUtOGEzYWIvdXMtY2VudHJhbDEvYXBpL0VkYXRPNVAzV2c0","metadata":{"@type":"type.googleapis.com/google.cloud.functions.v1.OperationMetadataV1","target":"projects/clone-8a3ab/locations/us-central1/functions/api","type":"CREATE_FUNCTION","request":{"@type":"type.googleapis.com/google.cloud.functions.v1.CloudFunction","name":"projects/clone-8a3ab/locations/us-central1/functions/api","httpsTrigger":{"securityLevel":"SECURE_ALWAYS"},"entryPoint":"api","labels":{"deployment-tool":"cli-firebase","firebase-functions-hash":"2882bba916a1a1bcd040b0eb693a907d50dd97bd"},"sourceUploadUrl":"https://storage.googleapis.com/uploads-756938552032.us-central1.cloudfunctions.appspot.com/f5b845bc-32cd-42d8-8cac-77e8cdaf4e07.zip?GoogleAccessId=service-238090628469@gcf-admin-robot.iam.gserviceaccount.com&Expires=1673749661&Signature=hvTo0EV7uFsS8YOEfSphnYiNoD2Dim3TPX%2Fgt3IN3x8YWiwHPdT4N7SmWr0HRZ82o2LZkrlW2DWJQFyd76sGAtl%2FxgJi5Dw7Edcno5vDMp0HoxdDgWYjfGio44bcCq8zcgKAJ%2FyiAQuvguAdhQI7xsqfcjtNpr6wWDErKknI2ctdtPlaYy5k9xPVJU91pfvm%2B3Leulp7cYAGX4P54nLNRaYsw3aaZpMlF%2Fdn%2BhPC83SziB3dDYX8YWD%2Bkv12KIUN3MKFvfvaOZKGkhsJz1A4cfaqH3oyHz3lFLPgvR3unlwUotq9edj7GlJZdW5L4v6uBgcisUmS0tyQSZMrcDt1Xg%3D%3D","environmentVariables":{"FIREBASE_CONFIG":"{\"projectId\":\"clone-8a3ab\",\"storageBucket\":\"clone-8a3ab.appspot.com\"}","GCLOUD_PROJECT":"clone-8a3ab","EVENTARC_CLOUD_EVENT_SOURCE":"projects/clone-8a3ab/locations/us-central1/functions/api"},"runtime":"nodejs18","dockerRegistry":"ARTIFACT_REGISTRY"},"versionId":"1","updateTime":"2023-01-15T01:57:42Z","buildId":"b2e2a363-4235-4b17-a078-cfce3c966a3b","buildName":"projects/238090628469/locations/us-central1/builds/b2e2a363-4235-4b17-a078-cfce3c966a3b"}}
[debug] [2023-01-15T01:59:01.574Z] [create-default-us-central1-api] Retrying task index 0
[debug] [2023-01-15T01:59:01.575Z] >>> [apiv2][query] GET https://cloudfunctions.googleapis.com/v1/operations/Y2xvbmUtOGEzYWIvdXMtY2VudHJhbDEvYXBpL0VkYXRPNVAzV2c0 [none]
[debug] [2023-01-15T01:59:01.780Z] <<< [apiv2][status] GET https://cloudfunctions.googleapis.com/v1/operations/Y2xvbmUtOGEzYWIvdXMtY2VudHJhbDEvYXBpL0VkYXRPNVAzV2c0 200
[debug] [2023-01-15T01:59:01.780Z] <<< [apiv2][body] GET https://cloudfunctions.googleapis.com/v1/operations/Y2xvbmUtOGEzYWIvdXMtY2VudHJhbDEvYXBpL0VkYXRPNVAzV2c0 {"name":"operations/Y2xvbmUtOGEzYWIvdXMtY2VudHJhbDEvYXBpL0VkYXRPNVAzV2c0","metadata":{"@type":"type.googleapis.com/google.cloud.functions.v1.OperationMetadataV1","target":"projects/clone-8a3ab/locations/us-central1/functions/api","type":"CREATE_FUNCTION","request":{"@type":"type.googleapis.com/google.cloud.functions.v1.CloudFunction","name":"projects/clone-8a3ab/locations/us-central1/functions/api","httpsTrigger":{"securityLevel":"SECURE_ALWAYS"},"entryPoint":"api","labels":{"deployment-tool":"cli-firebase","firebase-functions-hash":"2882bba916a1a1bcd040b0eb693a907d50dd97bd"},"sourceUploadUrl":"https://storage.googleapis.com/uploads-756938552032.us-central1.cloudfunctions.appspot.com/f5b845bc-32cd-42d8-8cac-77e8cdaf4e07.zip?GoogleAccessId=service-238090628469@gcf-admin-robot.iam.gserviceaccount.com&Expires=1673749661&Signature=hvTo0EV7uFsS8YOEfSphnYiNoD2Dim3TPX%2Fgt3IN3x8YWiwHPdT4N7SmWr0HRZ82o2LZkrlW2DWJQFyd76sGAtl%2FxgJi5Dw7Edcno5vDMp0HoxdDgWYjfGio44bcCq8zcgKAJ%2FyiAQuvguAdhQI7xsqfcjtNpr6wWDErKknI2ctdtPlaYy5k9xPVJU91pfvm%2B3Leulp7cYAGX4P54nLNRaYsw3aaZpMlF%2Fdn%2BhPC83SziB3dDYX8YWD%2Bkv12KIUN3MKFvfvaOZKGkhsJz1A4cfaqH3oyHz3lFLPgvR3unlwUotq9edj7GlJZdW5L4v6uBgcisUmS0tyQSZMrcDt1Xg%3D%3D","environmentVariables":{"FIREBASE_CONFIG":"{\"projectId\":\"clone-8a3ab\",\"storageBucket\":\"clone-8a3ab.appspot.com\"}","GCLOUD_PROJECT":"clone-8a3ab","EVENTARC_CLOUD_EVENT_SOURCE":"projects/clone-8a3ab/locations/us-central1/functions/api"},"runtime":"nodejs18","dockerRegistry":"ARTIFACT_REGISTRY"},"versionId":"1","updateTime":"2023-01-15T01:57:42Z","buildId":"b2e2a363-4235-4b17-a078-cfce3c966a3b","sourceToken":"e7505c6f-92ae-4873-a73f-d04045425aac","buildName":"projects/238090628469/locations/us-central1/builds/b2e2a363-4235-4b17-a078-cfce3c966a3b"}}
[debug] [2023-01-15T01:59:01.780Z] Got source token e7505c6f-92ae-4873-a73f-d04045425aac for region us-central1
[debug] [2023-01-15T01:59:11.783Z] [create-default-us-central1-api] Retrying task index 0
[debug] [2023-01-15T01:59:11.784Z] >>> [apiv2][query] GET https://cloudfunctions.googleapis.com/v1/operations/Y2xvbmUtOGEzYWIvdXMtY2VudHJhbDEvYXBpL0VkYXRPNVAzV2c0 [none]
[debug] [2023-01-15T01:59:12.043Z] <<< [apiv2][status] GET https://cloudfunctions.googleapis.com/v1/operations/Y2xvbmUtOGEzYWIvdXMtY2VudHJhbDEvYXBpL0VkYXRPNVAzV2c0 200
[debug] [2023-01-15T01:59:12.044Z] <<< [apiv2][body] GET https://cloudfunctions.googleapis.com/v1/operations/Y2xvbmUtOGEzYWIvdXMtY2VudHJhbDEvYXBpL0VkYXRPNVAzV2c0 {"name":"operations/Y2xvbmUtOGEzYWIvdXMtY2VudHJhbDEvYXBpL0VkYXRPNVAzV2c0","metadata":{"@type":"type.googleapis.com/google.cloud.functions.v1.OperationMetadataV1","target":"projects/clone-8a3ab/locations/us-central1/functions/api","type":"CREATE_FUNCTION","request":{"@type":"type.googleapis.com/google.cloud.functions.v1.CloudFunction","name":"projects/clone-8a3ab/locations/us-central1/functions/api","httpsTrigger":{"securityLevel":"SECURE_ALWAYS"},"entryPoint":"api","labels":{"deployment-tool":"cli-firebase","firebase-functions-hash":"2882bba916a1a1bcd040b0eb693a907d50dd97bd"},"sourceUploadUrl":"https://storage.googleapis.com/uploads-756938552032.us-central1.cloudfunctions.appspot.com/f5b845bc-32cd-42d8-8cac-77e8cdaf4e07.zip?GoogleAccessId=service-238090628469@gcf-admin-robot.iam.gserviceaccount.com&Expires=1673749661&Signature=hvTo0EV7uFsS8YOEfSphnYiNoD2Dim3TPX%2Fgt3IN3x8YWiwHPdT4N7SmWr0HRZ82o2LZkrlW2DWJQFyd76sGAtl%2FxgJi5Dw7Edcno5vDMp0HoxdDgWYjfGio44bcCq8zcgKAJ%2FyiAQuvguAdhQI7xsqfcjtNpr6wWDErKknI2ctdtPlaYy5k9xPVJU91pfvm%2B3Leulp7cYAGX4P54nLNRaYsw3aaZpMlF%2Fdn%2BhPC83SziB3dDYX8YWD%2Bkv12KIUN3MKFvfvaOZKGkhsJz1A4cfaqH3oyHz3lFLPgvR3unlwUotq9edj7GlJZdW5L4v6uBgcisUmS0tyQSZMrcDt1Xg%3D%3D","environmentVariables":{"FIREBASE_CONFIG":"{\"projectId\":\"clone-8a3ab\",\"storageBucket\":\"clone-8a3ab.appspot.com\"}","GCLOUD_PROJECT":"clone-8a3ab","EVENTARC_CLOUD_EVENT_SOURCE":"projects/clone-8a3ab/locations/us-central1/functions/api"},"runtime":"nodejs18","dockerRegistry":"ARTIFACT_REGISTRY"},"versionId":"1","updateTime":"2023-01-15T01:59:11Z","buildId":"b2e2a363-4235-4b17-a078-cfce3c966a3b","sourceToken":"e7505c6f-92ae-4873-a73f-d04045425aac","buildName":"projects/238090628469/locations/us-central1/builds/b2e2a363-4235-4b17-a078-cfce3c966a3b"},"done":true,"error":{"code":3,"message":"Function failed on loading user code. This is likely due to a bug in the user code. Error message: Error: please examine your function logs to see the error cause: https://cloud.google.com/functions/docs/monitoring/logging#viewing_logs. Additional troubleshooting documentation can be found at https://cloud.google.com/functions/docs/troubleshooting#logging. Please visit https://cloud.google.com/functions/docs/troubleshooting for in-depth troubleshooting documentation."}}
[debug] [2023-01-15T01:59:12.044Z] Got source token e7505c6f-92ae-4873-a73f-d04045425aac for region us-central1
[error] Function failed on loading user code. This is likely due to a bug in the user code. Error message: Error: please examine your function logs to see the error cause: https://cloud.google.com/functions/docs/monitoring/logging#viewing_logs. Additional troubleshooting documentation can be found at https://cloud.google.com/functions/docs/troubleshooting#logging. Please visit https://cloud.google.com/functions/docs/troubleshooting for in-depth troubleshooting documentation.
[debug] [2023-01-15T01:59:12.066Z] Total Function Deployment time: 90080
[debug] [2023-01-15T01:59:12.067Z] 1 Functions Deployed
[debug] [2023-01-15T01:59:12.067Z] 1 Functions Errored
[debug] [2023-01-15T01:59:12.067Z] 0 Function Deployments Aborted
[debug] [2023-01-15T01:59:12.067Z] Average Function Deployment time: 90077
[info] 
[info] Functions deploy had errors with the following functions:
	api(us-central1)
[debug] [2023-01-15T01:59:12.210Z] Not printing URL for HTTPS function. Typically this means it didn't match a filter or we failed deployment
[info] i  functions: cleaning up build files... 
[debug] [2023-01-15T01:59:12.214Z] >>> [apiv2][query] DELETE https://artifactregistry.googleapis.com/v1beta2/projects/clone-8a3ab/locations/us-central1/repositories/gcf-artifacts/packages/api [none]
[debug] [2023-01-15T01:59:12.216Z] >>> [apiv2][query] GET https://us.gcr.io/v2/clone-8a3ab/gcf/us-central1/tags/list [none]
[debug] [2023-01-15T01:59:12.658Z] <<< [apiv2][status] GET https://us.gcr.io/v2/clone-8a3ab/gcf/us-central1/tags/list 200
[debug] [2023-01-15T01:59:12.658Z] <<< [apiv2][body] GET https://us.gcr.io/v2/clone-8a3ab/gcf/us-central1/tags/list {"child":["0e080a0d-d65e-4398-961b-2cdcc53e1848"],"manifest":{},"name":"clone-8a3ab/gcf/us-central1","tags":[]}
[debug] [2023-01-15T01:59:12.659Z] >>> [apiv2][query] GET https://us.gcr.io/v2/clone-8a3ab/gcf/us-central1/0e080a0d-d65e-4398-961b-2cdcc53e1848/tags/list [none]
[debug] [2023-01-15T01:59:12.663Z] <<< [apiv2][status] DELETE https://artifactregistry.googleapis.com/v1beta2/projects/clone-8a3ab/locations/us-central1/repositories/gcf-artifacts/packages/api 200
[debug] [2023-01-15T01:59:12.664Z] <<< [apiv2][body] DELETE https://artifactregistry.googleapis.com/v1beta2/projects/clone-8a3ab/locations/us-central1/repositories/gcf-artifacts/packages/api {"name":"projects/clone-8a3ab/locations/us-central1/operations/240fb15a-c2e6-491c-8220-abbc7fe79e6b","metadata":{"@type":"type.googleapis.com/google.devtools.artifactregistry.v1beta2.OperationMetadata"}}
[debug] [2023-01-15T01:59:12.665Z] >>> [apiv2][query] GET https://artifactregistry.googleapis.com/v1beta2/projects/clone-8a3ab/locations/us-central1/operations/240fb15a-c2e6-491c-8220-abbc7fe79e6b [none]
[debug] [2023-01-15T01:59:12.963Z] <<< [apiv2][status] GET https://us.gcr.io/v2/clone-8a3ab/gcf/us-central1/0e080a0d-d65e-4398-961b-2cdcc53e1848/tags/list 200
[debug] [2023-01-15T01:59:12.963Z] <<< [apiv2][body] GET https://us.gcr.io/v2/clone-8a3ab/gcf/us-central1/0e080a0d-d65e-4398-961b-2cdcc53e1848/tags/list {"child":["cache"],"manifest":{"sha256:a0de5df04515c26ec038174c136e8e25b4aa60bd7b02932a709be89168cbe959":{"imageSizeBytes":"203626898","layerId":"","mediaType":"application/vnd.docker.distribution.manifest.v2+json","tag":["api1_version-1","latest"],"timeCreatedMs":"315532801000","timeUploadedMs":"1673745792697"}},"name":"clone-8a3ab/gcf/us-central1/0e080a0d-d65e-4398-961b-2cdcc53e1848","tags":["api1_version-1","latest"]}
[debug] [2023-01-15T01:59:12.964Z] Could not find image for function projects/clone-8a3ab/locations/us-central1/functions/api
[debug] [2023-01-15T01:59:13.021Z] <<< [apiv2][status] GET https://artifactregistry.googleapis.com/v1beta2/projects/clone-8a3ab/locations/us-central1/operations/240fb15a-c2e6-491c-8220-abbc7fe79e6b 200
[debug] [2023-01-15T01:59:13.022Z] <<< [apiv2][body] GET https://artifactregistry.googleapis.com/v1beta2/projects/clone-8a3ab/locations/us-central1/operations/240fb15a-c2e6-491c-8220-abbc7fe79e6b {"name":"projects/clone-8a3ab/locations/us-central1/operations/240fb15a-c2e6-491c-8220-abbc7fe79e6b","metadata":{"@type":"type.googleapis.com/google.devtools.artifactregistry.v1beta2.OperationMetadata"},"done":true,"response":{"@type":"type.googleapis.com/google.protobuf.Empty"}}
[debug] [2023-01-15T01:59:13.022Z] Functions deploy failed.
[debug] [2023-01-15T01:59:13.022Z] {
  "endpoint": {
    "id": "api",
    "project": "clone-8a3ab",
    "region": "us-central1",
    "entryPoint": "api",
    "platform": "gcfv1",
    "runtime": "nodejs18",
    "httpsTrigger": {},
    "serviceAccount": null,
    "ingressSettings": null,
    "availableMemoryMb": null,
    "timeoutSeconds": null,
    "maxInstances": null,
    "minInstances": null,
    "vpc": null,
    "environmentVariables": {
      "FIREBASE_CONFIG": "{\"projectId\":\"clone-8a3ab\",\"storageBucket\":\"clone-8a3ab.appspot.com\"}",
      "GCLOUD_PROJECT": "clone-8a3ab",
      "EVENTARC_CLOUD_EVENT_SOURCE": "projects/clone-8a3ab/locations/us-central1/functions/api"
    },
    "codebase": "default",
    "targetedByOnly": false,
    "hash": "2882bba916a1a1bcd040b0eb693a907d50dd97bd",
    "labels": {
      "deployment-tool": "cli-firebase"
    }
  },
  "op": "create",
  "original": {
    "name": "FirebaseError",
    "children": [],
    "exit": 1,
    "message": "Function failed on loading user code. This is likely due to a bug in the user code. Error message: Error: please examine your function logs to see the error cause: https://cloud.google.com/functions/docs/monitoring/logging#viewing_logs. Additional troubleshooting documentation can be found at https://cloud.google.com/functions/docs/troubleshooting#logging. Please visit https://cloud.google.com/functions/docs/troubleshooting for in-depth troubleshooting documentation.",
    "status": 3
  }
}
[debug] [2023-01-15T01:59:13.144Z] Error: Failed to create function api in region us-central1
    at C:\Users\tariku\.nvm\versions\node\v16.15.0\bin\node_modules\firebase-tools\lib\deploy\functions\release\fabricator.js:48:11
    at processTicksAndRejections (node:internal/process/task_queues:96:5)
    at async Fabricator.createV1Function (C:\Users\tariku\.nvm\versions\node\v16.15.0\bin\node_modules\firebase-tools\lib\deploy\functions\release\fabricator.js:177:32)
    at async Fabricator.createEndpoint (C:\Users\tariku\.nvm\versions\node\v16.15.0\bin\node_modules\firebase-tools\lib\deploy\functions\release\fabricator.js:129:13)
    at async handle (C:\Users\tariku\.nvm\versions\node\v16.15.0\bin\node_modules\firebase-tools\lib\deploy\functions\release\fabricator.js:85:17)
[error] 
[error] Error: There was an error deploying functions
